> exec gen.sh

sh> mkdir /home
sh> mkdir /bin
sh> mkdir /etc
sh> mkdir /usr
sh> mkdir /usr/local
sh> mkdir /usr/local/bin
sh> mkdir /var
sh> mkdir /tmp
sh> add /home/user1.txt
sh> add /bin/ls
sh> add /bin/bash
sh> add /etc/hosts
sh> add /etc/passwd
sh> mkdir /home/jane
sh> add /home/jane/notes.txt
sh> mkdir /home/jane/documents
sh> add /home/jane/documents/report.docx
sh> mkdir /usr/local/lib
sh> add /usr/local/lib/libpython3.so
sh> mkdir /var/log
sh> add /var/log/messages
sh> add /var/log/auth.log
sh> mkdir /tmp/tempfile1.tmp
sh> add /tmp/tempfile2.tmp
sh> mkdir /home/john
sh> add /home/john/todo.txt
sh> mkdir /home/john/pictures
sh> add /home/john/pictures/vacation.jpg
sh> mkdir /usr/bin
sh> add /usr/bin/gcc
sh> add /usr/bin/java
sh> mkdir /etc/systemd
sh> add /etc/systemd/system.conf
sh> mkdir /var/www
sh> add /var/www/index.html
sh> mkdir /home/alice
sh> add /home/alice/research.pdf
sh> mkdir /home/alice/code
sh> add /home/alice/code/project1.py
sh> mkdir /usr/include
sh> add /usr/include/stdio.h
sh> add /usr/include/stdlib.h
sh> mkdir /etc/network
sh> add /etc/network/interfaces
sh> mkdir /var/lib
sh> add /var/lib/dpkg/status
Invalid path.
sh> mkdir /tmp/mytemp
sh> add /tmp/mytemp/data.txt
sh> mkdir /home/bob
sh> add /home/bob/music.mp3
sh> mkdir /home/bob/videos
sh> add /home/bob/videos/movie.mkv
sh> mkdir /usr/share
sh> add /usr/share/doc/gcc/README
Invalid path.
sh> mkdir /etc/ssh
sh> add /etc/ssh/sshd_config
sh> mkdir /var/mail
sh> add /var/mail/user1
sh> mkdir /tmp/tempfile3.tmp
sh> add /tmp/tempfile4.tmp
sh> mkdir /home/user2
sh> add /home/user2/profile.txt
sh> mkdir /home/user2/downloads
sh> add /home/user2/downloads/software.zip
sh> mkdir /usr/lib
sh> add /usr/lib/libc.so
sh> mkdir /etc/X11
sh> add /etc/X11/xorg.conf
sh> mkdir /var/cache
sh> add /var/cache/apt/archives/package.deb
Invalid path.
sh> mkdir /tmp/tempfile5.tmp
sh> add /tmp/tempfile6.tmp
sh> mkdir /home/user3
sh> add /home/user3/config.xml
sh> mkdir /home/user3/projects
sh> add /home/user3/projects/notes.txt
sh> mkdir /usr/src
sh> add /usr/src/linux/Makefile
Invalid path.
sh> mkdir /etc/init.d
sh> add /etc/init.d/apache2
sh> mkdir /var/spool
sh> add /var/spool/cron/crontabs/root
Invalid path.
sh> mkdir /tmp/tempfile7.tmp
sh> add /tmp/tempfile8.tmp
sh> mkdir /root
sh> add /root/.bashrc
sh> mkdir /root/bin
sh> add /root/bin/myscript.sh
sh> mkdir /srv
sh> add /srv/data.txt
sh> mkdir /mnt
sh> mkdir /media
sh> mkdir /lost+found
sh> add /lost+found/recovered_file.txt
sh> mkdir /home/user4
sh> add /home/user4/documents/letter.odt
Invalid path.
sh> mkdir /home/user4/music
sh> add /home/user4/music/song.ogg
sh> mkdir /usr/games
sh> add /usr/games/snake
sh> mkdir /etc/default
sh> add /etc/default/keyboard
sh> mkdir /var/backups
sh> add /var/backups/system.tar.gz
sh> mkdir /proc
sh> mkdir /sys
sh> mkdir /dev
sh> add /dev/null
sh> mkdir /home/user5
sh> add /home/user5/pictures/family.png
Invalid path.
sh> mkdir /home/user5/videos
sh> add /home/user5/videos/presentation.ogv
sh> mkdir /opt
sh> add /opt/app/config.ini
Invalid path.
sh> mkdir /etc/opt
sh> add /etc/opt/app/settings.xml
Invalid path.

> exec err.sh

sh> mkdir /home # Attempt to create a duplicate directory
File already exists.
sh> add /bin/ls # Attempt to add a duplicate file
File already exists.
sh> rm /home # Attempt to remove a non-empty directory
sh> rmdir /bin # Invalid command (should be 'rm')
Unknown command: rmdir
sh> mkdir /invalid/path # Invalid path (parent directory doesn't exist)
Invalid path.
sh> add /home/jane/documents/report.docx # Attempt to add a duplicate file
File already exists.
sh> rm /home/john/missing.txt # Attempt to remove a file that doesn't exist
File not found.
sh> mv /home/alice /home/jane # Attempt to move a directory to an existing location
sh> cp /home/bob /home/user2 # Invalid command (cp not implemented)
Unknown command: cp
sh> ls /fake/directory # Invalid path (directory doesn't exist)
Invalid path.

> tree

ROOT/
  kernel.img
  symbols.txt
  symbols2.txt
  err.sh
  gen.sh
  home/
    user1.txt
    jane/
      notes.txt
      documents/
        report.docx
      alice/
        research.pdf
        code/
          project1.py
    john/
      todo.txt
      pictures/
        vacation.jpg
    bob/
      music.mp3
      videos/
        movie.mkv
    user2/
      profile.txt
      downloads/
        software.zip
    user3/
      config.xml
      projects/
        notes.txt
    user4/
      music/
        song.ogg
    user5/
      videos/
        presentation.ogv
  bin/
    ls
    bash
  etc/
    hosts
    passwd
    systemd/
      system.conf
    network/
      interfaces
    ssh/
      sshd_config
    X11/
      xorg.conf
    init.d/
      apache2
    default/
      keyboard
    opt/
  usr/
    local/
      bin/
      lib/
        libpython3.so
    bin/
      gcc
      java
    include/
      stdio.h
      stdlib.h
    share/
    lib/
      libc.so
    src/
    games/
      snake
  var/
    log/
      messages
      auth.log
    www/
      index.html
    lib/
    mail/
      user1
    cache/
    spool/
    backups/
      system.tar.gz
  tmp/
    tempfile1.tmp/
    tempfile2.tmp
    mytemp/
      data.txt
    tempfile3.tmp/
    tempfile4.tmp
    tempfile5.tmp/
    tempfile6.tmp
    tempfile7.tmp/
    tempfile8.tmp
  root/
    .bashrc
    bin/
      myscript.sh
  srv/
    data.txt
  mnt/
  media/
  lost+found/
    recovered_file.txt
  proc/
  sys/
  dev/
    null
  opt/

> save_output out.log
